<?xml version="1.0" encoding="UTF-8"?>
<coverage generated="1776414220925" clover="3.2.0">
  <project timestamp="1776414220926" name="All files">
    <metrics statements="22" coveredstatements="22" conditionals="9" coveredconditionals="8" methods="12" coveredmethods="12" elements="43" coveredelements="42" complexity="0" loc="22" ncloc="22" packages="1" files="1" classes="1"/>
    <file name="TodoList.tsx" path="C:\Users\Huawei\OneDrive\Рабочий стол\react\Lab_10\task1\src\components\TodoList.tsx">
      <metrics statements="22" coveredstatements="22" conditionals="9" coveredconditionals="8" methods="12" coveredmethods="12"/>
      <line num="1" count="1" type="stmt"/>
      <line num="13" count="1" type="cond" truecount="1" falsecount="0"/>
      <line num="14" count="48" type="stmt"/>
      <line num="15" count="48" type="stmt"/>
      <line num="17" count="48" type="stmt"/>
      <line num="18" count="4" type="cond" truecount="2" falsecount="0"/>
      <line num="19" count="3" type="stmt"/>
      <line num="23" count="3" type="stmt"/>
      <line num="27" count="48" type="stmt"/>
      <line num="28" count="1" type="stmt"/>
      <line num="30" count="1" type="cond" truecount="1" falsecount="1"/>
      <line num="35" count="48" type="stmt"/>
      <line num="36" count="1" type="stmt"/>
      <line num="39" count="48" type="stmt"/>
      <line num="40" count="36" type="cond" truecount="2" falsecount="0"/>
      <line num="41" count="1" type="stmt"/>
      <line num="45" count="48" type="stmt"/>
      <line num="54" count="35" type="stmt"/>
      <line num="65" count="7" type="stmt"/>
      <line num="74" count="1" type="stmt"/>
      <line num="79" count="1" type="stmt"/>
      <line num="88" count="7" type="stmt"/>
    </file>
  </project>
</coverage>
